Analysis & Elaboration report for top_convolution
Sat Aug 23 16:45:36 2025
Quartus Prime Version 23.1std.1 Build 993 05/14/2024 SC Lite Edition


---------------------
; Table of Contents ;
---------------------
  1. Legal Notice
  2. Analysis & Elaboration Summary
  3. Parallel Compilation
  4. Parameter Settings for User Entity Instance: Top-level Entity: |top_convolution
  5. Parameter Settings for User Entity Instance: LineBuffer:\lb_gen:1:u_LineBuffer
  6. Parameter Settings for User Entity Instance: LineBuffer:\lb_gen:2:u_LineBuffer
  7. Parameter Settings for User Entity Instance: LineBuffer:\lb_gen:3:u_LineBuffer
  8. Parameter Settings for User Entity Instance: LineBuffer:\lb_gen:4:u_LineBuffer
  9. Parameter Settings for User Entity Instance: WindowRegister:u_WindowRegister
 10. Parameter Settings for User Entity Instance: FilterMemory:u_FilterMemory
 11. Parameter Settings for User Entity Instance: ConvolutionBlock:u_ConvolutionBlock
 12. Parameter Settings for User Entity Instance: ActivationFunction:u_Activation
 13. Parameter Settings for User Entity Instance: Controller:u_Controller
 14. Analysis & Elaboration Settings
 15. Port Connectivity Checks: "ActivationFunction:u_Activation"
 16. Port Connectivity Checks: "LineBuffer:\lb_gen:4:u_LineBuffer"
 17. Port Connectivity Checks: "LineBuffer:\lb_gen:3:u_LineBuffer"
 18. Port Connectivity Checks: "LineBuffer:\lb_gen:2:u_LineBuffer"
 19. Port Connectivity Checks: "LineBuffer:\lb_gen:1:u_LineBuffer"
 20. Analysis & Elaboration Messages



----------------
; Legal Notice ;
----------------
Copyright (C) 2024  Intel Corporation. All rights reserved.
Your use of Intel Corporation's design tools, logic functions 
and other software and tools, and any partner logic 
functions, and any output files from any of the foregoing 
(including device programming or simulation files), and any 
associated documentation or information are expressly subject 
to the terms and conditions of the Intel Program License 
Subscription Agreement, the Intel Quartus Prime License Agreement,
the Intel FPGA IP License Agreement, or other applicable license
agreement, including, without limitation, that your use is for
the sole purpose of programming logic devices manufactured by
Intel and sold by Intel or its authorized distributors.  Please
refer to the applicable agreement for further details, at
https://fpgasoftware.intel.com/eula.



+-------------------------------------------------------------------------------------+
; Analysis & Elaboration Summary                                                      ;
+------------------------------------+------------------------------------------------+
; Analysis & Elaboration Status      ; Successful - Sat Aug 23 16:45:36 2025          ;
; Quartus Prime Version              ; 23.1std.1 Build 993 05/14/2024 SC Lite Edition ;
; Revision Name                      ; top_convolution                                ;
; Top-level Entity Name              ; top_convolution                                ;
; Family                             ; Cyclone IV GX                                  ;
; Total logic elements               ; N/A until Partition Merge                      ;
;     Total combinational functions  ; N/A until Partition Merge                      ;
;     Dedicated logic registers      ; N/A until Partition Merge                      ;
; Total registers                    ; N/A until Partition Merge                      ;
; Total pins                         ; N/A until Partition Merge                      ;
; Total virtual pins                 ; N/A until Partition Merge                      ;
; Total memory bits                  ; N/A until Partition Merge                      ;
; Embedded Multiplier 9-bit elements ; N/A until Partition Merge                      ;
; Total GXB Receiver Channel PCS     ; N/A until Partition Merge                      ;
; Total GXB Receiver Channel PMA     ; N/A until Partition Merge                      ;
; Total GXB Transmitter Channel PCS  ; N/A until Partition Merge                      ;
; Total GXB Transmitter Channel PMA  ; N/A until Partition Merge                      ;
; Total PLLs                         ; N/A until Partition Merge                      ;
+------------------------------------+------------------------------------------------+


+------------------------------------------+
; Parallel Compilation                     ;
+----------------------------+-------------+
; Processors                 ; Number      ;
+----------------------------+-------------+
; Number detected on machine ; 12          ;
; Maximum allowed            ; 8           ;
;                            ;             ;
; Average used               ; 1.00        ;
; Maximum used               ; 1           ;
;                            ;             ;
; Usage by Processor         ; % Time Used ;
;     Processor 1            ; 100.0%      ;
+----------------------------+-------------+


+---------------------------------------------------------------------------------+
; Parameter Settings for User Entity Instance: Top-level Entity: |top_convolution ;
+----------------+-------+--------------------------------------------------------+
; Parameter Name ; Value ; Type                                                   ;
+----------------+-------+--------------------------------------------------------+
; WIDTH          ; 32    ; Signed Integer                                         ;
; HEIGHT         ; 32    ; Signed Integer                                         ;
; K_MAX          ; 5     ; Signed Integer                                         ;
; F_MAX          ; 5     ; Signed Integer                                         ;
; BITS           ; 9     ; Signed Integer                                         ;
; COEFFW         ; 9     ; Signed Integer                                         ;
; OUTW           ; 18    ; Signed Integer                                         ;
+----------------+-------+--------------------------------------------------------+
Note: In order to hide this table in the UI and the text report file, please set the "Show Parameter Settings in Synthesis Report" option in "Analysis and Synthesis Settings -> More Settings" to "Off".


+--------------------------------------------------------------------------------+
; Parameter Settings for User Entity Instance: LineBuffer:\lb_gen:1:u_LineBuffer ;
+----------------+-------+-------------------------------------------------------+
; Parameter Name ; Value ; Type                                                  ;
+----------------+-------+-------------------------------------------------------+
; width          ; 32    ; Signed Integer                                        ;
; bits           ; 9     ; Signed Integer                                        ;
+----------------+-------+-------------------------------------------------------+
Note: In order to hide this table in the UI and the text report file, please set the "Show Parameter Settings in Synthesis Report" option in "Analysis and Synthesis Settings -> More Settings" to "Off".


+--------------------------------------------------------------------------------+
; Parameter Settings for User Entity Instance: LineBuffer:\lb_gen:2:u_LineBuffer ;
+----------------+-------+-------------------------------------------------------+
; Parameter Name ; Value ; Type                                                  ;
+----------------+-------+-------------------------------------------------------+
; width          ; 32    ; Signed Integer                                        ;
; bits           ; 9     ; Signed Integer                                        ;
+----------------+-------+-------------------------------------------------------+
Note: In order to hide this table in the UI and the text report file, please set the "Show Parameter Settings in Synthesis Report" option in "Analysis and Synthesis Settings -> More Settings" to "Off".


+--------------------------------------------------------------------------------+
; Parameter Settings for User Entity Instance: LineBuffer:\lb_gen:3:u_LineBuffer ;
+----------------+-------+-------------------------------------------------------+
; Parameter Name ; Value ; Type                                                  ;
+----------------+-------+-------------------------------------------------------+
; width          ; 32    ; Signed Integer                                        ;
; bits           ; 9     ; Signed Integer                                        ;
+----------------+-------+-------------------------------------------------------+
Note: In order to hide this table in the UI and the text report file, please set the "Show Parameter Settings in Synthesis Report" option in "Analysis and Synthesis Settings -> More Settings" to "Off".


+--------------------------------------------------------------------------------+
; Parameter Settings for User Entity Instance: LineBuffer:\lb_gen:4:u_LineBuffer ;
+----------------+-------+-------------------------------------------------------+
; Parameter Name ; Value ; Type                                                  ;
+----------------+-------+-------------------------------------------------------+
; width          ; 32    ; Signed Integer                                        ;
; bits           ; 9     ; Signed Integer                                        ;
+----------------+-------+-------------------------------------------------------+
Note: In order to hide this table in the UI and the text report file, please set the "Show Parameter Settings in Synthesis Report" option in "Analysis and Synthesis Settings -> More Settings" to "Off".


+------------------------------------------------------------------------------+
; Parameter Settings for User Entity Instance: WindowRegister:u_WindowRegister ;
+----------------+-------+-----------------------------------------------------+
; Parameter Name ; Value ; Type                                                ;
+----------------+-------+-----------------------------------------------------+
; k_max          ; 5     ; Signed Integer                                      ;
; bits           ; 9     ; Signed Integer                                      ;
+----------------+-------+-----------------------------------------------------+
Note: In order to hide this table in the UI and the text report file, please set the "Show Parameter Settings in Synthesis Report" option in "Analysis and Synthesis Settings -> More Settings" to "Off".


+--------------------------------------------------------------------------+
; Parameter Settings for User Entity Instance: FilterMemory:u_FilterMemory ;
+----------------+-------+-------------------------------------------------+
; Parameter Name ; Value ; Type                                            ;
+----------------+-------+-------------------------------------------------+
; f_max          ; 5     ; Signed Integer                                  ;
; k_max          ; 5     ; Signed Integer                                  ;
; bits           ; 9     ; Signed Integer                                  ;
+----------------+-------+-------------------------------------------------+
Note: In order to hide this table in the UI and the text report file, please set the "Show Parameter Settings in Synthesis Report" option in "Analysis and Synthesis Settings -> More Settings" to "Off".


+----------------------------------------------------------------------------------+
; Parameter Settings for User Entity Instance: ConvolutionBlock:u_ConvolutionBlock ;
+----------------+-------+---------------------------------------------------------+
; Parameter Name ; Value ; Type                                                    ;
+----------------+-------+---------------------------------------------------------+
; k_max          ; 5     ; Signed Integer                                          ;
; f_max          ; 5     ; Signed Integer                                          ;
; p_max          ; 25    ; Signed Integer                                          ;
; bits           ; 9     ; Signed Integer                                          ;
; coeffw         ; 9     ; Signed Integer                                          ;
; outw           ; 18    ; Signed Integer                                          ;
+----------------+-------+---------------------------------------------------------+
Note: In order to hide this table in the UI and the text report file, please set the "Show Parameter Settings in Synthesis Report" option in "Analysis and Synthesis Settings -> More Settings" to "Off".


+------------------------------------------------------------------------------+
; Parameter Settings for User Entity Instance: ActivationFunction:u_Activation ;
+----------------+-------+-----------------------------------------------------+
; Parameter Name ; Value ; Type                                                ;
+----------------+-------+-----------------------------------------------------+
; outw           ; 18    ; Signed Integer                                      ;
; f_max          ; 5     ; Signed Integer                                      ;
+----------------+-------+-----------------------------------------------------+
Note: In order to hide this table in the UI and the text report file, please set the "Show Parameter Settings in Synthesis Report" option in "Analysis and Synthesis Settings -> More Settings" to "Off".


+----------------------------------------------------------------------+
; Parameter Settings for User Entity Instance: Controller:u_Controller ;
+----------------+-------+---------------------------------------------+
; Parameter Name ; Value ; Type                                        ;
+----------------+-------+---------------------------------------------+
; width          ; 32    ; Signed Integer                              ;
; height         ; 32    ; Signed Integer                              ;
; k_max          ; 5     ; Signed Integer                              ;
+----------------+-------+---------------------------------------------+
Note: In order to hide this table in the UI and the text report file, please set the "Show Parameter Settings in Synthesis Report" option in "Analysis and Synthesis Settings -> More Settings" to "Off".


+------------------------------------------------------------------------------------------------------------+
; Analysis & Elaboration Settings                                                                            ;
+------------------------------------------------------------------+--------------------+--------------------+
; Option                                                           ; Setting            ; Default Value      ;
+------------------------------------------------------------------+--------------------+--------------------+
; Device                                                           ; EP4CGX150DF31I7    ;                    ;
; Top-level entity name                                            ; top_convolution    ; top_convolution    ;
; Family name                                                      ; Cyclone IV GX      ; Cyclone V          ;
; Maximum processors allowed for parallel compilation              ; 8                  ;                    ;
; VHDL Show LMF Mapping Messages                                   ; Off                ;                    ;
; Use smart compilation                                            ; Off                ; Off                ;
; Enable parallel Assembler and Timing Analyzer during compilation ; On                 ; On                 ;
; Enable compact report table                                      ; Off                ; Off                ;
; Restructure Multiplexers                                         ; Auto               ; Auto               ;
; Create Debugging Nodes for IP Cores                              ; Off                ; Off                ;
; Preserve fewer node names                                        ; On                 ; On                 ;
; Intel FPGA IP Evaluation Mode                                    ; Enable             ; Enable             ;
; Verilog Version                                                  ; Verilog_2001       ; Verilog_2001       ;
; VHDL Version                                                     ; VHDL_1993          ; VHDL_1993          ;
; State Machine Processing                                         ; Auto               ; Auto               ;
; Safe State Machine                                               ; Off                ; Off                ;
; Extract Verilog State Machines                                   ; On                 ; On                 ;
; Extract VHDL State Machines                                      ; On                 ; On                 ;
; Ignore Verilog initial constructs                                ; Off                ; Off                ;
; Iteration limit for constant Verilog loops                       ; 5000               ; 5000               ;
; Iteration limit for non-constant Verilog loops                   ; 250                ; 250                ;
; Add Pass-Through Logic to Inferred RAMs                          ; On                 ; On                 ;
; Infer RAMs from Raw Logic                                        ; On                 ; On                 ;
; Parallel Synthesis                                               ; On                 ; On                 ;
; DSP Block Balancing                                              ; Auto               ; Auto               ;
; NOT Gate Push-Back                                               ; On                 ; On                 ;
; Power-Up Don't Care                                              ; On                 ; On                 ;
; Remove Redundant Logic Cells                                     ; Off                ; Off                ;
; Remove Duplicate Registers                                       ; On                 ; On                 ;
; Ignore CARRY Buffers                                             ; Off                ; Off                ;
; Ignore CASCADE Buffers                                           ; Off                ; Off                ;
; Ignore GLOBAL Buffers                                            ; Off                ; Off                ;
; Ignore ROW GLOBAL Buffers                                        ; Off                ; Off                ;
; Ignore LCELL Buffers                                             ; Off                ; Off                ;
; Ignore SOFT Buffers                                              ; On                 ; On                 ;
; Limit AHDL Integers to 32 Bits                                   ; Off                ; Off                ;
; Optimization Technique                                           ; Balanced           ; Balanced           ;
; Carry Chain Length                                               ; 70                 ; 70                 ;
; Auto Carry Chains                                                ; On                 ; On                 ;
; Auto Open-Drain Pins                                             ; On                 ; On                 ;
; Perform WYSIWYG Primitive Resynthesis                            ; Off                ; Off                ;
; Auto ROM Replacement                                             ; On                 ; On                 ;
; Auto RAM Replacement                                             ; On                 ; On                 ;
; Auto DSP Block Replacement                                       ; On                 ; On                 ;
; Auto Shift Register Replacement                                  ; Auto               ; Auto               ;
; Allow Shift Register Merging across Hierarchies                  ; Auto               ; Auto               ;
; Auto Clock Enable Replacement                                    ; On                 ; On                 ;
; Strict RAM Replacement                                           ; Off                ; Off                ;
; Allow Synchronous Control Signals                                ; On                 ; On                 ;
; Force Use of Synchronous Clear Signals                           ; Off                ; Off                ;
; Auto RAM Block Balancing                                         ; On                 ; On                 ;
; Auto RAM to Logic Cell Conversion                                ; Off                ; Off                ;
; Auto Resource Sharing                                            ; Off                ; Off                ;
; Allow Any RAM Size For Recognition                               ; Off                ; Off                ;
; Allow Any ROM Size For Recognition                               ; Off                ; Off                ;
; Allow Any Shift Register Size For Recognition                    ; Off                ; Off                ;
; Use LogicLock Constraints during Resource Balancing              ; On                 ; On                 ;
; Ignore translate_off and synthesis_off directives                ; Off                ; Off                ;
; Timing-Driven Synthesis                                          ; On                 ; On                 ;
; Report Parameter Settings                                        ; On                 ; On                 ;
; Report Source Assignments                                        ; On                 ; On                 ;
; Report Connectivity Checks                                       ; On                 ; On                 ;
; Ignore Maximum Fan-Out Assignments                               ; Off                ; Off                ;
; Synchronization Register Chain Length                            ; 2                  ; 2                  ;
; Power Optimization During Synthesis                              ; Normal compilation ; Normal compilation ;
; HDL message level                                                ; Level2             ; Level2             ;
; Suppress Register Optimization Related Messages                  ; Off                ; Off                ;
; Number of Removed Registers Reported in Synthesis Report         ; 5000               ; 5000               ;
; Number of Swept Nodes Reported in Synthesis Report               ; 5000               ; 5000               ;
; Number of Inverted Registers Reported in Synthesis Report        ; 100                ; 100                ;
; Clock MUX Protection                                             ; On                 ; On                 ;
; Auto Gated Clock Conversion                                      ; Off                ; Off                ;
; Block Design Naming                                              ; Auto               ; Auto               ;
; SDC constraint protection                                        ; Off                ; Off                ;
; Synthesis Effort                                                 ; Auto               ; Auto               ;
; Shift Register Replacement - Allow Asynchronous Clear Signal     ; On                 ; On                 ;
; Pre-Mapping Resynthesis Optimization                             ; Off                ; Off                ;
; Analysis & Synthesis Message Level                               ; Medium             ; Medium             ;
; Disable Register Merging Across Hierarchies                      ; Auto               ; Auto               ;
; Resource Aware Inference For Block RAM                           ; On                 ; On                 ;
+------------------------------------------------------------------+--------------------+--------------------+


+-------------------------------------------------------------+
; Port Connectivity Checks: "ActivationFunction:u_Activation" ;
+--------------------+-------+----------+---------------------+
; Port               ; Type  ; Severity ; Details             ;
+--------------------+-------+----------+---------------------+
; effective_f[31..3] ; Input ; Info     ; Stuck at GND        ;
+--------------------+-------+----------+---------------------+


+----------------------------------------------------------------------------------------------------------------------------+
; Port Connectivity Checks: "LineBuffer:\lb_gen:4:u_LineBuffer"                                                              ;
+------------------+--------+----------+-------------------------------------------------------------------------------------+
; Port             ; Type   ; Severity ; Details                                                                             ;
+------------------+--------+----------+-------------------------------------------------------------------------------------+
; line_out[287..9] ; Output ; Info     ; Connected to dangling logic. Logic that only feeds a dangling port will be removed. ;
+------------------+--------+----------+-------------------------------------------------------------------------------------+


+----------------------------------------------------------------------------------------------------------------------------+
; Port Connectivity Checks: "LineBuffer:\lb_gen:3:u_LineBuffer"                                                              ;
+------------------+--------+----------+-------------------------------------------------------------------------------------+
; Port             ; Type   ; Severity ; Details                                                                             ;
+------------------+--------+----------+-------------------------------------------------------------------------------------+
; line_out[287..9] ; Output ; Info     ; Connected to dangling logic. Logic that only feeds a dangling port will be removed. ;
+------------------+--------+----------+-------------------------------------------------------------------------------------+


+----------------------------------------------------------------------------------------------------------------------------+
; Port Connectivity Checks: "LineBuffer:\lb_gen:2:u_LineBuffer"                                                              ;
+------------------+--------+----------+-------------------------------------------------------------------------------------+
; Port             ; Type   ; Severity ; Details                                                                             ;
+------------------+--------+----------+-------------------------------------------------------------------------------------+
; line_out[287..9] ; Output ; Info     ; Connected to dangling logic. Logic that only feeds a dangling port will be removed. ;
+------------------+--------+----------+-------------------------------------------------------------------------------------+


+----------------------------------------------------------------------------------------------------------------------------+
; Port Connectivity Checks: "LineBuffer:\lb_gen:1:u_LineBuffer"                                                              ;
+------------------+--------+----------+-------------------------------------------------------------------------------------+
; Port             ; Type   ; Severity ; Details                                                                             ;
+------------------+--------+----------+-------------------------------------------------------------------------------------+
; line_out[287..9] ; Output ; Info     ; Connected to dangling logic. Logic that only feeds a dangling port will be removed. ;
+------------------+--------+----------+-------------------------------------------------------------------------------------+


+---------------------------------+
; Analysis & Elaboration Messages ;
+---------------------------------+
Info: *******************************************************************
Info: Running Quartus Prime Analysis & Elaboration
    Info: Version 23.1std.1 Build 993 05/14/2024 SC Lite Edition
    Info: Processing started: Sat Aug 23 16:45:11 2025
Info: Command: quartus_map --read_settings_files=on --write_settings_files=off Parallel -c top_convolution --analysis_and_elaboration
Info (20032): Parallel compilation is enabled and will use up to 8 processors
Info (12021): Found 2 design units, including 1 entities, in source file linebuffer.vhd
    Info (12022): Found design unit 1: LineBuffer-Behavioral File: C:/Users/Farab/Documents/Maestria/Tesis/Archivos VHDL/Try 2/LineBuffer.vhd Line: 19
    Info (12023): Found entity 1: LineBuffer File: C:/Users/Farab/Documents/Maestria/Tesis/Archivos VHDL/Try 2/LineBuffer.vhd Line: 5
Info (12021): Found 2 design units, including 1 entities, in source file top_convolution.vhd
    Info (12022): Found design unit 1: top_convolution-Structural File: C:/Users/Farab/Documents/Maestria/Tesis/Archivos VHDL/Try 2/top_convolution.vhd Line: 37
    Info (12023): Found entity 1: top_convolution File: C:/Users/Farab/Documents/Maestria/Tesis/Archivos VHDL/Try 2/top_convolution.vhd Line: 5
Info (12021): Found 2 design units, including 1 entities, in source file windowregister.vhd
    Info (12022): Found design unit 1: WindowRegister-Behavioral File: C:/Users/Farab/Documents/Maestria/Tesis/Archivos VHDL/Try 2/WindowRegister.vhd Line: 22
    Info (12023): Found entity 1: WindowRegister File: C:/Users/Farab/Documents/Maestria/Tesis/Archivos VHDL/Try 2/WindowRegister.vhd Line: 5
Info (12021): Found 2 design units, including 1 entities, in source file filtermemory.vhd
    Info (12022): Found design unit 1: FilterMemory-Behavioral File: C:/Users/Farab/Documents/Maestria/Tesis/Archivos VHDL/Try 2/FilterMemory.vhd Line: 21
    Info (12023): Found entity 1: FilterMemory File: C:/Users/Farab/Documents/Maestria/Tesis/Archivos VHDL/Try 2/FilterMemory.vhd Line: 5
Info (12021): Found 2 design units, including 1 entities, in source file convolutionblock.vhd
    Info (12022): Found design unit 1: ConvolutionBlock-Behavioral File: C:/Users/Farab/Documents/Maestria/Tesis/Archivos VHDL/Try 2/ConvolutionBlock.vhd Line: 35
    Info (12023): Found entity 1: ConvolutionBlock File: C:/Users/Farab/Documents/Maestria/Tesis/Archivos VHDL/Try 2/ConvolutionBlock.vhd Line: 6
Info (12021): Found 2 design units, including 1 entities, in source file outputbuffer.vhd
    Info (12022): Found design unit 1: OutputBuffer-Behavioral File: C:/Users/Farab/Documents/Maestria/Tesis/Archivos VHDL/Try 2/OutputBuffer.vhd Line: 20
    Info (12023): Found entity 1: OutputBuffer File: C:/Users/Farab/Documents/Maestria/Tesis/Archivos VHDL/Try 2/OutputBuffer.vhd Line: 5
Info (12021): Found 2 design units, including 1 entities, in source file controller.vhd
    Info (12022): Found design unit 1: Controller-Behavioral File: C:/Users/Farab/Documents/Maestria/Tesis/Archivos VHDL/Try 2/Controller.vhd Line: 28
    Info (12023): Found entity 1: Controller File: C:/Users/Farab/Documents/Maestria/Tesis/Archivos VHDL/Try 2/Controller.vhd Line: 5
Info (12021): Found 2 design units, including 1 entities, in source file try_2_tb.vhd
    Info (12022): Found design unit 1: Try_2_TB-Behavioral File: C:/Users/Farab/Documents/Maestria/Tesis/Archivos VHDL/Try 2/Try_2_TB.vhd Line: 10
    Info (12023): Found entity 1: Try_2_TB File: C:/Users/Farab/Documents/Maestria/Tesis/Archivos VHDL/Try 2/Try_2_TB.vhd Line: 7
Info (12021): Found 2 design units, including 1 entities, in source file activationfunction.vhd
    Info (12022): Found design unit 1: ActivationFunction-Behavioral File: C:/Users/Farab/Documents/Maestria/Tesis/Archivos VHDL/Try 2/ActivationFunction.vhd Line: 21
    Info (12023): Found entity 1: ActivationFunction File: C:/Users/Farab/Documents/Maestria/Tesis/Archivos VHDL/Try 2/ActivationFunction.vhd Line: 6
Info (12127): Elaborating entity "top_convolution" for the top level hierarchy
Warning (10631): VHDL Process Statement warning at top_convolution.vhd(149): inferring latch(es) for signal or variable "pixels", which holds its previous value in one or more paths through the process File: C:/Users/Farab/Documents/Maestria/Tesis/Archivos VHDL/Try 2/top_convolution.vhd Line: 149
Info (10041): Inferred latch for "build_column:pixels[4][0]" at top_convolution.vhd(165) File: C:/Users/Farab/Documents/Maestria/Tesis/Archivos VHDL/Try 2/top_convolution.vhd Line: 165
Info (10041): Inferred latch for "build_column:pixels[4][1]" at top_convolution.vhd(165) File: C:/Users/Farab/Documents/Maestria/Tesis/Archivos VHDL/Try 2/top_convolution.vhd Line: 165
Info (10041): Inferred latch for "build_column:pixels[4][2]" at top_convolution.vhd(165) File: C:/Users/Farab/Documents/Maestria/Tesis/Archivos VHDL/Try 2/top_convolution.vhd Line: 165
Info (10041): Inferred latch for "build_column:pixels[4][3]" at top_convolution.vhd(165) File: C:/Users/Farab/Documents/Maestria/Tesis/Archivos VHDL/Try 2/top_convolution.vhd Line: 165
Info (10041): Inferred latch for "build_column:pixels[4][4]" at top_convolution.vhd(165) File: C:/Users/Farab/Documents/Maestria/Tesis/Archivos VHDL/Try 2/top_convolution.vhd Line: 165
Info (10041): Inferred latch for "build_column:pixels[4][5]" at top_convolution.vhd(165) File: C:/Users/Farab/Documents/Maestria/Tesis/Archivos VHDL/Try 2/top_convolution.vhd Line: 165
Info (10041): Inferred latch for "build_column:pixels[4][6]" at top_convolution.vhd(165) File: C:/Users/Farab/Documents/Maestria/Tesis/Archivos VHDL/Try 2/top_convolution.vhd Line: 165
Info (10041): Inferred latch for "build_column:pixels[4][7]" at top_convolution.vhd(165) File: C:/Users/Farab/Documents/Maestria/Tesis/Archivos VHDL/Try 2/top_convolution.vhd Line: 165
Info (10041): Inferred latch for "build_column:pixels[4][8]" at top_convolution.vhd(165) File: C:/Users/Farab/Documents/Maestria/Tesis/Archivos VHDL/Try 2/top_convolution.vhd Line: 165
Info (10041): Inferred latch for "build_column:pixels[3][0]" at top_convolution.vhd(165) File: C:/Users/Farab/Documents/Maestria/Tesis/Archivos VHDL/Try 2/top_convolution.vhd Line: 165
Info (10041): Inferred latch for "build_column:pixels[3][1]" at top_convolution.vhd(165) File: C:/Users/Farab/Documents/Maestria/Tesis/Archivos VHDL/Try 2/top_convolution.vhd Line: 165
Info (10041): Inferred latch for "build_column:pixels[3][2]" at top_convolution.vhd(165) File: C:/Users/Farab/Documents/Maestria/Tesis/Archivos VHDL/Try 2/top_convolution.vhd Line: 165
Info (10041): Inferred latch for "build_column:pixels[3][3]" at top_convolution.vhd(165) File: C:/Users/Farab/Documents/Maestria/Tesis/Archivos VHDL/Try 2/top_convolution.vhd Line: 165
Info (10041): Inferred latch for "build_column:pixels[3][4]" at top_convolution.vhd(165) File: C:/Users/Farab/Documents/Maestria/Tesis/Archivos VHDL/Try 2/top_convolution.vhd Line: 165
Info (10041): Inferred latch for "build_column:pixels[3][5]" at top_convolution.vhd(165) File: C:/Users/Farab/Documents/Maestria/Tesis/Archivos VHDL/Try 2/top_convolution.vhd Line: 165
Info (10041): Inferred latch for "build_column:pixels[3][6]" at top_convolution.vhd(165) File: C:/Users/Farab/Documents/Maestria/Tesis/Archivos VHDL/Try 2/top_convolution.vhd Line: 165
Info (10041): Inferred latch for "build_column:pixels[3][7]" at top_convolution.vhd(165) File: C:/Users/Farab/Documents/Maestria/Tesis/Archivos VHDL/Try 2/top_convolution.vhd Line: 165
Info (10041): Inferred latch for "build_column:pixels[3][8]" at top_convolution.vhd(165) File: C:/Users/Farab/Documents/Maestria/Tesis/Archivos VHDL/Try 2/top_convolution.vhd Line: 165
Info (10041): Inferred latch for "build_column:pixels[2][0]" at top_convolution.vhd(165) File: C:/Users/Farab/Documents/Maestria/Tesis/Archivos VHDL/Try 2/top_convolution.vhd Line: 165
Info (10041): Inferred latch for "build_column:pixels[2][1]" at top_convolution.vhd(165) File: C:/Users/Farab/Documents/Maestria/Tesis/Archivos VHDL/Try 2/top_convolution.vhd Line: 165
Info (10041): Inferred latch for "build_column:pixels[2][2]" at top_convolution.vhd(165) File: C:/Users/Farab/Documents/Maestria/Tesis/Archivos VHDL/Try 2/top_convolution.vhd Line: 165
Info (10041): Inferred latch for "build_column:pixels[2][3]" at top_convolution.vhd(165) File: C:/Users/Farab/Documents/Maestria/Tesis/Archivos VHDL/Try 2/top_convolution.vhd Line: 165
Info (10041): Inferred latch for "build_column:pixels[2][4]" at top_convolution.vhd(165) File: C:/Users/Farab/Documents/Maestria/Tesis/Archivos VHDL/Try 2/top_convolution.vhd Line: 165
Info (10041): Inferred latch for "build_column:pixels[2][5]" at top_convolution.vhd(165) File: C:/Users/Farab/Documents/Maestria/Tesis/Archivos VHDL/Try 2/top_convolution.vhd Line: 165
Info (10041): Inferred latch for "build_column:pixels[2][6]" at top_convolution.vhd(165) File: C:/Users/Farab/Documents/Maestria/Tesis/Archivos VHDL/Try 2/top_convolution.vhd Line: 165
Info (10041): Inferred latch for "build_column:pixels[2][7]" at top_convolution.vhd(165) File: C:/Users/Farab/Documents/Maestria/Tesis/Archivos VHDL/Try 2/top_convolution.vhd Line: 165
Info (10041): Inferred latch for "build_column:pixels[2][8]" at top_convolution.vhd(165) File: C:/Users/Farab/Documents/Maestria/Tesis/Archivos VHDL/Try 2/top_convolution.vhd Line: 165
Info (10041): Inferred latch for "build_column:pixels[1][0]" at top_convolution.vhd(165) File: C:/Users/Farab/Documents/Maestria/Tesis/Archivos VHDL/Try 2/top_convolution.vhd Line: 165
Info (10041): Inferred latch for "build_column:pixels[1][1]" at top_convolution.vhd(165) File: C:/Users/Farab/Documents/Maestria/Tesis/Archivos VHDL/Try 2/top_convolution.vhd Line: 165
Info (10041): Inferred latch for "build_column:pixels[1][2]" at top_convolution.vhd(165) File: C:/Users/Farab/Documents/Maestria/Tesis/Archivos VHDL/Try 2/top_convolution.vhd Line: 165
Info (10041): Inferred latch for "build_column:pixels[1][3]" at top_convolution.vhd(165) File: C:/Users/Farab/Documents/Maestria/Tesis/Archivos VHDL/Try 2/top_convolution.vhd Line: 165
Info (10041): Inferred latch for "build_column:pixels[1][4]" at top_convolution.vhd(165) File: C:/Users/Farab/Documents/Maestria/Tesis/Archivos VHDL/Try 2/top_convolution.vhd Line: 165
Info (10041): Inferred latch for "build_column:pixels[1][5]" at top_convolution.vhd(165) File: C:/Users/Farab/Documents/Maestria/Tesis/Archivos VHDL/Try 2/top_convolution.vhd Line: 165
Info (10041): Inferred latch for "build_column:pixels[1][6]" at top_convolution.vhd(165) File: C:/Users/Farab/Documents/Maestria/Tesis/Archivos VHDL/Try 2/top_convolution.vhd Line: 165
Info (10041): Inferred latch for "build_column:pixels[1][7]" at top_convolution.vhd(165) File: C:/Users/Farab/Documents/Maestria/Tesis/Archivos VHDL/Try 2/top_convolution.vhd Line: 165
Info (10041): Inferred latch for "build_column:pixels[1][8]" at top_convolution.vhd(165) File: C:/Users/Farab/Documents/Maestria/Tesis/Archivos VHDL/Try 2/top_convolution.vhd Line: 165
Info (12128): Elaborating entity "LineBuffer" for hierarchy "LineBuffer:\lb_gen:1:u_LineBuffer" File: C:/Users/Farab/Documents/Maestria/Tesis/Archivos VHDL/Try 2/top_convolution.vhd Line: 132
Info (12128): Elaborating entity "WindowRegister" for hierarchy "WindowRegister:u_WindowRegister" File: C:/Users/Farab/Documents/Maestria/Tesis/Archivos VHDL/Try 2/top_convolution.vhd Line: 185
Warning (10631): VHDL Process Statement warning at WindowRegister.vhd(104): inferring latch(es) for signal or variable "flat", which holds its previous value in one or more paths through the process File: C:/Users/Farab/Documents/Maestria/Tesis/Archivos VHDL/Try 2/WindowRegister.vhd Line: 104
Warning (10631): VHDL Process Statement warning at WindowRegister.vhd(104): inferring latch(es) for signal or variable "idx", which holds its previous value in one or more paths through the process File: C:/Users/Farab/Documents/Maestria/Tesis/Archivos VHDL/Try 2/WindowRegister.vhd Line: 104
Info (10041): Inferred latch for "flatten_window:idx[0]" at WindowRegister.vhd(127) File: C:/Users/Farab/Documents/Maestria/Tesis/Archivos VHDL/Try 2/WindowRegister.vhd Line: 127
Info (10041): Inferred latch for "flatten_window:idx[1]" at WindowRegister.vhd(127) File: C:/Users/Farab/Documents/Maestria/Tesis/Archivos VHDL/Try 2/WindowRegister.vhd Line: 127
Info (10041): Inferred latch for "flatten_window:idx[2]" at WindowRegister.vhd(127) File: C:/Users/Farab/Documents/Maestria/Tesis/Archivos VHDL/Try 2/WindowRegister.vhd Line: 127
Info (10041): Inferred latch for "flatten_window:idx[3]" at WindowRegister.vhd(127) File: C:/Users/Farab/Documents/Maestria/Tesis/Archivos VHDL/Try 2/WindowRegister.vhd Line: 127
Info (10041): Inferred latch for "flatten_window:idx[4]" at WindowRegister.vhd(127) File: C:/Users/Farab/Documents/Maestria/Tesis/Archivos VHDL/Try 2/WindowRegister.vhd Line: 127
Info (10041): Inferred latch for "flatten_window:idx[5]" at WindowRegister.vhd(127) File: C:/Users/Farab/Documents/Maestria/Tesis/Archivos VHDL/Try 2/WindowRegister.vhd Line: 127
Info (10041): Inferred latch for "flatten_window:idx[6]" at WindowRegister.vhd(127) File: C:/Users/Farab/Documents/Maestria/Tesis/Archivos VHDL/Try 2/WindowRegister.vhd Line: 127
Info (10041): Inferred latch for "flatten_window:idx[7]" at WindowRegister.vhd(127) File: C:/Users/Farab/Documents/Maestria/Tesis/Archivos VHDL/Try 2/WindowRegister.vhd Line: 127
Info (10041): Inferred latch for "flatten_window:idx[8]" at WindowRegister.vhd(127) File: C:/Users/Farab/Documents/Maestria/Tesis/Archivos VHDL/Try 2/WindowRegister.vhd Line: 127
Info (10041): Inferred latch for "flatten_window:idx[9]" at WindowRegister.vhd(127) File: C:/Users/Farab/Documents/Maestria/Tesis/Archivos VHDL/Try 2/WindowRegister.vhd Line: 127
Info (10041): Inferred latch for "flatten_window:idx[10]" at WindowRegister.vhd(127) File: C:/Users/Farab/Documents/Maestria/Tesis/Archivos VHDL/Try 2/WindowRegister.vhd Line: 127
Info (10041): Inferred latch for "flatten_window:idx[11]" at WindowRegister.vhd(127) File: C:/Users/Farab/Documents/Maestria/Tesis/Archivos VHDL/Try 2/WindowRegister.vhd Line: 127
Info (10041): Inferred latch for "flatten_window:idx[12]" at WindowRegister.vhd(127) File: C:/Users/Farab/Documents/Maestria/Tesis/Archivos VHDL/Try 2/WindowRegister.vhd Line: 127
Info (10041): Inferred latch for "flatten_window:idx[13]" at WindowRegister.vhd(127) File: C:/Users/Farab/Documents/Maestria/Tesis/Archivos VHDL/Try 2/WindowRegister.vhd Line: 127
Info (10041): Inferred latch for "flatten_window:idx[14]" at WindowRegister.vhd(127) File: C:/Users/Farab/Documents/Maestria/Tesis/Archivos VHDL/Try 2/WindowRegister.vhd Line: 127
Info (10041): Inferred latch for "flatten_window:idx[15]" at WindowRegister.vhd(127) File: C:/Users/Farab/Documents/Maestria/Tesis/Archivos VHDL/Try 2/WindowRegister.vhd Line: 127
Info (10041): Inferred latch for "flatten_window:idx[16]" at WindowRegister.vhd(127) File: C:/Users/Farab/Documents/Maestria/Tesis/Archivos VHDL/Try 2/WindowRegister.vhd Line: 127
Info (10041): Inferred latch for "flatten_window:idx[17]" at WindowRegister.vhd(127) File: C:/Users/Farab/Documents/Maestria/Tesis/Archivos VHDL/Try 2/WindowRegister.vhd Line: 127
Info (10041): Inferred latch for "flatten_window:idx[18]" at WindowRegister.vhd(127) File: C:/Users/Farab/Documents/Maestria/Tesis/Archivos VHDL/Try 2/WindowRegister.vhd Line: 127
Info (10041): Inferred latch for "flatten_window:idx[19]" at WindowRegister.vhd(127) File: C:/Users/Farab/Documents/Maestria/Tesis/Archivos VHDL/Try 2/WindowRegister.vhd Line: 127
Info (10041): Inferred latch for "flatten_window:idx[20]" at WindowRegister.vhd(127) File: C:/Users/Farab/Documents/Maestria/Tesis/Archivos VHDL/Try 2/WindowRegister.vhd Line: 127
Info (10041): Inferred latch for "flatten_window:idx[21]" at WindowRegister.vhd(127) File: C:/Users/Farab/Documents/Maestria/Tesis/Archivos VHDL/Try 2/WindowRegister.vhd Line: 127
Info (10041): Inferred latch for "flatten_window:idx[22]" at WindowRegister.vhd(127) File: C:/Users/Farab/Documents/Maestria/Tesis/Archivos VHDL/Try 2/WindowRegister.vhd Line: 127
Info (10041): Inferred latch for "flatten_window:idx[23]" at WindowRegister.vhd(127) File: C:/Users/Farab/Documents/Maestria/Tesis/Archivos VHDL/Try 2/WindowRegister.vhd Line: 127
Info (10041): Inferred latch for "flatten_window:idx[24]" at WindowRegister.vhd(127) File: C:/Users/Farab/Documents/Maestria/Tesis/Archivos VHDL/Try 2/WindowRegister.vhd Line: 127
Info (10041): Inferred latch for "flatten_window:idx[25]" at WindowRegister.vhd(127) File: C:/Users/Farab/Documents/Maestria/Tesis/Archivos VHDL/Try 2/WindowRegister.vhd Line: 127
Info (10041): Inferred latch for "flatten_window:idx[26]" at WindowRegister.vhd(127) File: C:/Users/Farab/Documents/Maestria/Tesis/Archivos VHDL/Try 2/WindowRegister.vhd Line: 127
Info (10041): Inferred latch for "flatten_window:idx[27]" at WindowRegister.vhd(127) File: C:/Users/Farab/Documents/Maestria/Tesis/Archivos VHDL/Try 2/WindowRegister.vhd Line: 127
Info (10041): Inferred latch for "flatten_window:idx[28]" at WindowRegister.vhd(127) File: C:/Users/Farab/Documents/Maestria/Tesis/Archivos VHDL/Try 2/WindowRegister.vhd Line: 127
Info (10041): Inferred latch for "flatten_window:idx[29]" at WindowRegister.vhd(127) File: C:/Users/Farab/Documents/Maestria/Tesis/Archivos VHDL/Try 2/WindowRegister.vhd Line: 127
Info (10041): Inferred latch for "flatten_window:idx[30]" at WindowRegister.vhd(127) File: C:/Users/Farab/Documents/Maestria/Tesis/Archivos VHDL/Try 2/WindowRegister.vhd Line: 127
Info (10041): Inferred latch for "flatten_window:idx[31]" at WindowRegister.vhd(127) File: C:/Users/Farab/Documents/Maestria/Tesis/Archivos VHDL/Try 2/WindowRegister.vhd Line: 127
Info (10041): Inferred latch for "flatten_window:flat[24][0]" at WindowRegister.vhd(127) File: C:/Users/Farab/Documents/Maestria/Tesis/Archivos VHDL/Try 2/WindowRegister.vhd Line: 127
Info (10041): Inferred latch for "flatten_window:flat[24][1]" at WindowRegister.vhd(127) File: C:/Users/Farab/Documents/Maestria/Tesis/Archivos VHDL/Try 2/WindowRegister.vhd Line: 127
Info (10041): Inferred latch for "flatten_window:flat[24][2]" at WindowRegister.vhd(127) File: C:/Users/Farab/Documents/Maestria/Tesis/Archivos VHDL/Try 2/WindowRegister.vhd Line: 127
Info (10041): Inferred latch for "flatten_window:flat[24][3]" at WindowRegister.vhd(127) File: C:/Users/Farab/Documents/Maestria/Tesis/Archivos VHDL/Try 2/WindowRegister.vhd Line: 127
Info (10041): Inferred latch for "flatten_window:flat[24][4]" at WindowRegister.vhd(127) File: C:/Users/Farab/Documents/Maestria/Tesis/Archivos VHDL/Try 2/WindowRegister.vhd Line: 127
Info (10041): Inferred latch for "flatten_window:flat[24][5]" at WindowRegister.vhd(127) File: C:/Users/Farab/Documents/Maestria/Tesis/Archivos VHDL/Try 2/WindowRegister.vhd Line: 127
Info (10041): Inferred latch for "flatten_window:flat[24][6]" at WindowRegister.vhd(127) File: C:/Users/Farab/Documents/Maestria/Tesis/Archivos VHDL/Try 2/WindowRegister.vhd Line: 127
Info (10041): Inferred latch for "flatten_window:flat[24][7]" at WindowRegister.vhd(127) File: C:/Users/Farab/Documents/Maestria/Tesis/Archivos VHDL/Try 2/WindowRegister.vhd Line: 127
Info (10041): Inferred latch for "flatten_window:flat[24][8]" at WindowRegister.vhd(127) File: C:/Users/Farab/Documents/Maestria/Tesis/Archivos VHDL/Try 2/WindowRegister.vhd Line: 127
Info (10041): Inferred latch for "flatten_window:flat[23][0]" at WindowRegister.vhd(127) File: C:/Users/Farab/Documents/Maestria/Tesis/Archivos VHDL/Try 2/WindowRegister.vhd Line: 127
Info (10041): Inferred latch for "flatten_window:flat[23][1]" at WindowRegister.vhd(127) File: C:/Users/Farab/Documents/Maestria/Tesis/Archivos VHDL/Try 2/WindowRegister.vhd Line: 127
Info (10041): Inferred latch for "flatten_window:flat[23][2]" at WindowRegister.vhd(127) File: C:/Users/Farab/Documents/Maestria/Tesis/Archivos VHDL/Try 2/WindowRegister.vhd Line: 127
Info (10041): Inferred latch for "flatten_window:flat[23][3]" at WindowRegister.vhd(127) File: C:/Users/Farab/Documents/Maestria/Tesis/Archivos VHDL/Try 2/WindowRegister.vhd Line: 127
Info (10041): Inferred latch for "flatten_window:flat[23][4]" at WindowRegister.vhd(127) File: C:/Users/Farab/Documents/Maestria/Tesis/Archivos VHDL/Try 2/WindowRegister.vhd Line: 127
Info (10041): Inferred latch for "flatten_window:flat[23][5]" at WindowRegister.vhd(127) File: C:/Users/Farab/Documents/Maestria/Tesis/Archivos VHDL/Try 2/WindowRegister.vhd Line: 127
Info (10041): Inferred latch for "flatten_window:flat[23][6]" at WindowRegister.vhd(127) File: C:/Users/Farab/Documents/Maestria/Tesis/Archivos VHDL/Try 2/WindowRegister.vhd Line: 127
Info (10041): Inferred latch for "flatten_window:flat[23][7]" at WindowRegister.vhd(127) File: C:/Users/Farab/Documents/Maestria/Tesis/Archivos VHDL/Try 2/WindowRegister.vhd Line: 127
Info (10041): Inferred latch for "flatten_window:flat[23][8]" at WindowRegister.vhd(127) File: C:/Users/Farab/Documents/Maestria/Tesis/Archivos VHDL/Try 2/WindowRegister.vhd Line: 127
Info (10041): Inferred latch for "flatten_window:flat[22][0]" at WindowRegister.vhd(127) File: C:/Users/Farab/Documents/Maestria/Tesis/Archivos VHDL/Try 2/WindowRegister.vhd Line: 127
Info (10041): Inferred latch for "flatten_window:flat[22][1]" at WindowRegister.vhd(127) File: C:/Users/Farab/Documents/Maestria/Tesis/Archivos VHDL/Try 2/WindowRegister.vhd Line: 127
Info (10041): Inferred latch for "flatten_window:flat[22][2]" at WindowRegister.vhd(127) File: C:/Users/Farab/Documents/Maestria/Tesis/Archivos VHDL/Try 2/WindowRegister.vhd Line: 127
Info (10041): Inferred latch for "flatten_window:flat[22][3]" at WindowRegister.vhd(127) File: C:/Users/Farab/Documents/Maestria/Tesis/Archivos VHDL/Try 2/WindowRegister.vhd Line: 127
Info (10041): Inferred latch for "flatten_window:flat[22][4]" at WindowRegister.vhd(127) File: C:/Users/Farab/Documents/Maestria/Tesis/Archivos VHDL/Try 2/WindowRegister.vhd Line: 127
Info (10041): Inferred latch for "flatten_window:flat[22][5]" at WindowRegister.vhd(127) File: C:/Users/Farab/Documents/Maestria/Tesis/Archivos VHDL/Try 2/WindowRegister.vhd Line: 127
Info (10041): Inferred latch for "flatten_window:flat[22][6]" at WindowRegister.vhd(127) File: C:/Users/Farab/Documents/Maestria/Tesis/Archivos VHDL/Try 2/WindowRegister.vhd Line: 127
Info (10041): Inferred latch for "flatten_window:flat[22][7]" at WindowRegister.vhd(127) File: C:/Users/Farab/Documents/Maestria/Tesis/Archivos VHDL/Try 2/WindowRegister.vhd Line: 127
Info (10041): Inferred latch for "flatten_window:flat[22][8]" at WindowRegister.vhd(127) File: C:/Users/Farab/Documents/Maestria/Tesis/Archivos VHDL/Try 2/WindowRegister.vhd Line: 127
Info (10041): Inferred latch for "flatten_window:flat[21][0]" at WindowRegister.vhd(127) File: C:/Users/Farab/Documents/Maestria/Tesis/Archivos VHDL/Try 2/WindowRegister.vhd Line: 127
Info (10041): Inferred latch for "flatten_window:flat[21][1]" at WindowRegister.vhd(127) File: C:/Users/Farab/Documents/Maestria/Tesis/Archivos VHDL/Try 2/WindowRegister.vhd Line: 127
Info (10041): Inferred latch for "flatten_window:flat[21][2]" at WindowRegister.vhd(127) File: C:/Users/Farab/Documents/Maestria/Tesis/Archivos VHDL/Try 2/WindowRegister.vhd Line: 127
Info (10041): Inferred latch for "flatten_window:flat[21][3]" at WindowRegister.vhd(127) File: C:/Users/Farab/Documents/Maestria/Tesis/Archivos VHDL/Try 2/WindowRegister.vhd Line: 127
Info (10041): Inferred latch for "flatten_window:flat[21][4]" at WindowRegister.vhd(127) File: C:/Users/Farab/Documents/Maestria/Tesis/Archivos VHDL/Try 2/WindowRegister.vhd Line: 127
Info (10041): Inferred latch for "flatten_window:flat[21][5]" at WindowRegister.vhd(127) File: C:/Users/Farab/Documents/Maestria/Tesis/Archivos VHDL/Try 2/WindowRegister.vhd Line: 127
Info (10041): Inferred latch for "flatten_window:flat[21][6]" at WindowRegister.vhd(127) File: C:/Users/Farab/Documents/Maestria/Tesis/Archivos VHDL/Try 2/WindowRegister.vhd Line: 127
Info (10041): Inferred latch for "flatten_window:flat[21][7]" at WindowRegister.vhd(127) File: C:/Users/Farab/Documents/Maestria/Tesis/Archivos VHDL/Try 2/WindowRegister.vhd Line: 127
Info (10041): Inferred latch for "flatten_window:flat[21][8]" at WindowRegister.vhd(127) File: C:/Users/Farab/Documents/Maestria/Tesis/Archivos VHDL/Try 2/WindowRegister.vhd Line: 127
Info (10041): Inferred latch for "flatten_window:flat[20][0]" at WindowRegister.vhd(127) File: C:/Users/Farab/Documents/Maestria/Tesis/Archivos VHDL/Try 2/WindowRegister.vhd Line: 127
Info (10041): Inferred latch for "flatten_window:flat[20][1]" at WindowRegister.vhd(127) File: C:/Users/Farab/Documents/Maestria/Tesis/Archivos VHDL/Try 2/WindowRegister.vhd Line: 127
Info (10041): Inferred latch for "flatten_window:flat[20][2]" at WindowRegister.vhd(127) File: C:/Users/Farab/Documents/Maestria/Tesis/Archivos VHDL/Try 2/WindowRegister.vhd Line: 127
Info (10041): Inferred latch for "flatten_window:flat[20][3]" at WindowRegister.vhd(127) File: C:/Users/Farab/Documents/Maestria/Tesis/Archivos VHDL/Try 2/WindowRegister.vhd Line: 127
Info (10041): Inferred latch for "flatten_window:flat[20][4]" at WindowRegister.vhd(127) File: C:/Users/Farab/Documents/Maestria/Tesis/Archivos VHDL/Try 2/WindowRegister.vhd Line: 127
Info (10041): Inferred latch for "flatten_window:flat[20][5]" at WindowRegister.vhd(127) File: C:/Users/Farab/Documents/Maestria/Tesis/Archivos VHDL/Try 2/WindowRegister.vhd Line: 127
Info (10041): Inferred latch for "flatten_window:flat[20][6]" at WindowRegister.vhd(127) File: C:/Users/Farab/Documents/Maestria/Tesis/Archivos VHDL/Try 2/WindowRegister.vhd Line: 127
Info (10041): Inferred latch for "flatten_window:flat[20][7]" at WindowRegister.vhd(127) File: C:/Users/Farab/Documents/Maestria/Tesis/Archivos VHDL/Try 2/WindowRegister.vhd Line: 127
Info (10041): Inferred latch for "flatten_window:flat[20][8]" at WindowRegister.vhd(127) File: C:/Users/Farab/Documents/Maestria/Tesis/Archivos VHDL/Try 2/WindowRegister.vhd Line: 127
Info (10041): Inferred latch for "flatten_window:flat[19][0]" at WindowRegister.vhd(127) File: C:/Users/Farab/Documents/Maestria/Tesis/Archivos VHDL/Try 2/WindowRegister.vhd Line: 127
Info (10041): Inferred latch for "flatten_window:flat[19][1]" at WindowRegister.vhd(127) File: C:/Users/Farab/Documents/Maestria/Tesis/Archivos VHDL/Try 2/WindowRegister.vhd Line: 127
Info (10041): Inferred latch for "flatten_window:flat[19][2]" at WindowRegister.vhd(127) File: C:/Users/Farab/Documents/Maestria/Tesis/Archivos VHDL/Try 2/WindowRegister.vhd Line: 127
Info (10041): Inferred latch for "flatten_window:flat[19][3]" at WindowRegister.vhd(127) File: C:/Users/Farab/Documents/Maestria/Tesis/Archivos VHDL/Try 2/WindowRegister.vhd Line: 127
Info (10041): Inferred latch for "flatten_window:flat[19][4]" at WindowRegister.vhd(127) File: C:/Users/Farab/Documents/Maestria/Tesis/Archivos VHDL/Try 2/WindowRegister.vhd Line: 127
Info (10041): Inferred latch for "flatten_window:flat[19][5]" at WindowRegister.vhd(127) File: C:/Users/Farab/Documents/Maestria/Tesis/Archivos VHDL/Try 2/WindowRegister.vhd Line: 127
Info (10041): Inferred latch for "flatten_window:flat[19][6]" at WindowRegister.vhd(127) File: C:/Users/Farab/Documents/Maestria/Tesis/Archivos VHDL/Try 2/WindowRegister.vhd Line: 127
Info (10041): Inferred latch for "flatten_window:flat[19][7]" at WindowRegister.vhd(127) File: C:/Users/Farab/Documents/Maestria/Tesis/Archivos VHDL/Try 2/WindowRegister.vhd Line: 127
Info (10041): Inferred latch for "flatten_window:flat[19][8]" at WindowRegister.vhd(127) File: C:/Users/Farab/Documents/Maestria/Tesis/Archivos VHDL/Try 2/WindowRegister.vhd Line: 127
Info (10041): Inferred latch for "flatten_window:flat[18][0]" at WindowRegister.vhd(127) File: C:/Users/Farab/Documents/Maestria/Tesis/Archivos VHDL/Try 2/WindowRegister.vhd Line: 127
Info (10041): Inferred latch for "flatten_window:flat[18][1]" at WindowRegister.vhd(127) File: C:/Users/Farab/Documents/Maestria/Tesis/Archivos VHDL/Try 2/WindowRegister.vhd Line: 127
Info (10041): Inferred latch for "flatten_window:flat[18][2]" at WindowRegister.vhd(127) File: C:/Users/Farab/Documents/Maestria/Tesis/Archivos VHDL/Try 2/WindowRegister.vhd Line: 127
Info (10041): Inferred latch for "flatten_window:flat[18][3]" at WindowRegister.vhd(127) File: C:/Users/Farab/Documents/Maestria/Tesis/Archivos VHDL/Try 2/WindowRegister.vhd Line: 127
Info (10041): Inferred latch for "flatten_window:flat[18][4]" at WindowRegister.vhd(127) File: C:/Users/Farab/Documents/Maestria/Tesis/Archivos VHDL/Try 2/WindowRegister.vhd Line: 127
Info (10041): Inferred latch for "flatten_window:flat[18][5]" at WindowRegister.vhd(127) File: C:/Users/Farab/Documents/Maestria/Tesis/Archivos VHDL/Try 2/WindowRegister.vhd Line: 127
Info (10041): Inferred latch for "flatten_window:flat[18][6]" at WindowRegister.vhd(127) File: C:/Users/Farab/Documents/Maestria/Tesis/Archivos VHDL/Try 2/WindowRegister.vhd Line: 127
Info (10041): Inferred latch for "flatten_window:flat[18][7]" at WindowRegister.vhd(127) File: C:/Users/Farab/Documents/Maestria/Tesis/Archivos VHDL/Try 2/WindowRegister.vhd Line: 127
Info (10041): Inferred latch for "flatten_window:flat[18][8]" at WindowRegister.vhd(127) File: C:/Users/Farab/Documents/Maestria/Tesis/Archivos VHDL/Try 2/WindowRegister.vhd Line: 127
Info (10041): Inferred latch for "flatten_window:flat[17][0]" at WindowRegister.vhd(127) File: C:/Users/Farab/Documents/Maestria/Tesis/Archivos VHDL/Try 2/WindowRegister.vhd Line: 127
Info (10041): Inferred latch for "flatten_window:flat[17][1]" at WindowRegister.vhd(127) File: C:/Users/Farab/Documents/Maestria/Tesis/Archivos VHDL/Try 2/WindowRegister.vhd Line: 127
Info (10041): Inferred latch for "flatten_window:flat[17][2]" at WindowRegister.vhd(127) File: C:/Users/Farab/Documents/Maestria/Tesis/Archivos VHDL/Try 2/WindowRegister.vhd Line: 127
Info (10041): Inferred latch for "flatten_window:flat[17][3]" at WindowRegister.vhd(127) File: C:/Users/Farab/Documents/Maestria/Tesis/Archivos VHDL/Try 2/WindowRegister.vhd Line: 127
Info (10041): Inferred latch for "flatten_window:flat[17][4]" at WindowRegister.vhd(127) File: C:/Users/Farab/Documents/Maestria/Tesis/Archivos VHDL/Try 2/WindowRegister.vhd Line: 127
Info (10041): Inferred latch for "flatten_window:flat[17][5]" at WindowRegister.vhd(127) File: C:/Users/Farab/Documents/Maestria/Tesis/Archivos VHDL/Try 2/WindowRegister.vhd Line: 127
Info (10041): Inferred latch for "flatten_window:flat[17][6]" at WindowRegister.vhd(127) File: C:/Users/Farab/Documents/Maestria/Tesis/Archivos VHDL/Try 2/WindowRegister.vhd Line: 127
Info (10041): Inferred latch for "flatten_window:flat[17][7]" at WindowRegister.vhd(127) File: C:/Users/Farab/Documents/Maestria/Tesis/Archivos VHDL/Try 2/WindowRegister.vhd Line: 127
Info (10041): Inferred latch for "flatten_window:flat[17][8]" at WindowRegister.vhd(127) File: C:/Users/Farab/Documents/Maestria/Tesis/Archivos VHDL/Try 2/WindowRegister.vhd Line: 127
Info (10041): Inferred latch for "flatten_window:flat[16][0]" at WindowRegister.vhd(127) File: C:/Users/Farab/Documents/Maestria/Tesis/Archivos VHDL/Try 2/WindowRegister.vhd Line: 127
Info (10041): Inferred latch for "flatten_window:flat[16][1]" at WindowRegister.vhd(127) File: C:/Users/Farab/Documents/Maestria/Tesis/Archivos VHDL/Try 2/WindowRegister.vhd Line: 127
Info (10041): Inferred latch for "flatten_window:flat[16][2]" at WindowRegister.vhd(127) File: C:/Users/Farab/Documents/Maestria/Tesis/Archivos VHDL/Try 2/WindowRegister.vhd Line: 127
Info (10041): Inferred latch for "flatten_window:flat[16][3]" at WindowRegister.vhd(127) File: C:/Users/Farab/Documents/Maestria/Tesis/Archivos VHDL/Try 2/WindowRegister.vhd Line: 127
Info (10041): Inferred latch for "flatten_window:flat[16][4]" at WindowRegister.vhd(127) File: C:/Users/Farab/Documents/Maestria/Tesis/Archivos VHDL/Try 2/WindowRegister.vhd Line: 127
Info (10041): Inferred latch for "flatten_window:flat[16][5]" at WindowRegister.vhd(127) File: C:/Users/Farab/Documents/Maestria/Tesis/Archivos VHDL/Try 2/WindowRegister.vhd Line: 127
Info (10041): Inferred latch for "flatten_window:flat[16][6]" at WindowRegister.vhd(127) File: C:/Users/Farab/Documents/Maestria/Tesis/Archivos VHDL/Try 2/WindowRegister.vhd Line: 127
Info (10041): Inferred latch for "flatten_window:flat[16][7]" at WindowRegister.vhd(127) File: C:/Users/Farab/Documents/Maestria/Tesis/Archivos VHDL/Try 2/WindowRegister.vhd Line: 127
Info (10041): Inferred latch for "flatten_window:flat[16][8]" at WindowRegister.vhd(127) File: C:/Users/Farab/Documents/Maestria/Tesis/Archivos VHDL/Try 2/WindowRegister.vhd Line: 127
Info (10041): Inferred latch for "flatten_window:flat[15][0]" at WindowRegister.vhd(127) File: C:/Users/Farab/Documents/Maestria/Tesis/Archivos VHDL/Try 2/WindowRegister.vhd Line: 127
Info (10041): Inferred latch for "flatten_window:flat[15][1]" at WindowRegister.vhd(127) File: C:/Users/Farab/Documents/Maestria/Tesis/Archivos VHDL/Try 2/WindowRegister.vhd Line: 127
Info (10041): Inferred latch for "flatten_window:flat[15][2]" at WindowRegister.vhd(127) File: C:/Users/Farab/Documents/Maestria/Tesis/Archivos VHDL/Try 2/WindowRegister.vhd Line: 127
Info (10041): Inferred latch for "flatten_window:flat[15][3]" at WindowRegister.vhd(127) File: C:/Users/Farab/Documents/Maestria/Tesis/Archivos VHDL/Try 2/WindowRegister.vhd Line: 127
Info (10041): Inferred latch for "flatten_window:flat[15][4]" at WindowRegister.vhd(127) File: C:/Users/Farab/Documents/Maestria/Tesis/Archivos VHDL/Try 2/WindowRegister.vhd Line: 127
Info (10041): Inferred latch for "flatten_window:flat[15][5]" at WindowRegister.vhd(127) File: C:/Users/Farab/Documents/Maestria/Tesis/Archivos VHDL/Try 2/WindowRegister.vhd Line: 127
Info (10041): Inferred latch for "flatten_window:flat[15][6]" at WindowRegister.vhd(127) File: C:/Users/Farab/Documents/Maestria/Tesis/Archivos VHDL/Try 2/WindowRegister.vhd Line: 127
Info (10041): Inferred latch for "flatten_window:flat[15][7]" at WindowRegister.vhd(127) File: C:/Users/Farab/Documents/Maestria/Tesis/Archivos VHDL/Try 2/WindowRegister.vhd Line: 127
Info (10041): Inferred latch for "flatten_window:flat[15][8]" at WindowRegister.vhd(127) File: C:/Users/Farab/Documents/Maestria/Tesis/Archivos VHDL/Try 2/WindowRegister.vhd Line: 127
Info (10041): Inferred latch for "flatten_window:flat[14][0]" at WindowRegister.vhd(127) File: C:/Users/Farab/Documents/Maestria/Tesis/Archivos VHDL/Try 2/WindowRegister.vhd Line: 127
Info (10041): Inferred latch for "flatten_window:flat[14][1]" at WindowRegister.vhd(127) File: C:/Users/Farab/Documents/Maestria/Tesis/Archivos VHDL/Try 2/WindowRegister.vhd Line: 127
Info (10041): Inferred latch for "flatten_window:flat[14][2]" at WindowRegister.vhd(127) File: C:/Users/Farab/Documents/Maestria/Tesis/Archivos VHDL/Try 2/WindowRegister.vhd Line: 127
Info (10041): Inferred latch for "flatten_window:flat[14][3]" at WindowRegister.vhd(127) File: C:/Users/Farab/Documents/Maestria/Tesis/Archivos VHDL/Try 2/WindowRegister.vhd Line: 127
Info (10041): Inferred latch for "flatten_window:flat[14][4]" at WindowRegister.vhd(127) File: C:/Users/Farab/Documents/Maestria/Tesis/Archivos VHDL/Try 2/WindowRegister.vhd Line: 127
Info (10041): Inferred latch for "flatten_window:flat[14][5]" at WindowRegister.vhd(127) File: C:/Users/Farab/Documents/Maestria/Tesis/Archivos VHDL/Try 2/WindowRegister.vhd Line: 127
Info (10041): Inferred latch for "flatten_window:flat[14][6]" at WindowRegister.vhd(127) File: C:/Users/Farab/Documents/Maestria/Tesis/Archivos VHDL/Try 2/WindowRegister.vhd Line: 127
Info (10041): Inferred latch for "flatten_window:flat[14][7]" at WindowRegister.vhd(127) File: C:/Users/Farab/Documents/Maestria/Tesis/Archivos VHDL/Try 2/WindowRegister.vhd Line: 127
Info (10041): Inferred latch for "flatten_window:flat[14][8]" at WindowRegister.vhd(127) File: C:/Users/Farab/Documents/Maestria/Tesis/Archivos VHDL/Try 2/WindowRegister.vhd Line: 127
Info (10041): Inferred latch for "flatten_window:flat[13][0]" at WindowRegister.vhd(127) File: C:/Users/Farab/Documents/Maestria/Tesis/Archivos VHDL/Try 2/WindowRegister.vhd Line: 127
Info (10041): Inferred latch for "flatten_window:flat[13][1]" at WindowRegister.vhd(127) File: C:/Users/Farab/Documents/Maestria/Tesis/Archivos VHDL/Try 2/WindowRegister.vhd Line: 127
Info (10041): Inferred latch for "flatten_window:flat[13][2]" at WindowRegister.vhd(127) File: C:/Users/Farab/Documents/Maestria/Tesis/Archivos VHDL/Try 2/WindowRegister.vhd Line: 127
Info (10041): Inferred latch for "flatten_window:flat[13][3]" at WindowRegister.vhd(127) File: C:/Users/Farab/Documents/Maestria/Tesis/Archivos VHDL/Try 2/WindowRegister.vhd Line: 127
Info (10041): Inferred latch for "flatten_window:flat[13][4]" at WindowRegister.vhd(127) File: C:/Users/Farab/Documents/Maestria/Tesis/Archivos VHDL/Try 2/WindowRegister.vhd Line: 127
Info (10041): Inferred latch for "flatten_window:flat[13][5]" at WindowRegister.vhd(127) File: C:/Users/Farab/Documents/Maestria/Tesis/Archivos VHDL/Try 2/WindowRegister.vhd Line: 127
Info (10041): Inferred latch for "flatten_window:flat[13][6]" at WindowRegister.vhd(127) File: C:/Users/Farab/Documents/Maestria/Tesis/Archivos VHDL/Try 2/WindowRegister.vhd Line: 127
Info (10041): Inferred latch for "flatten_window:flat[13][7]" at WindowRegister.vhd(127) File: C:/Users/Farab/Documents/Maestria/Tesis/Archivos VHDL/Try 2/WindowRegister.vhd Line: 127
Info (10041): Inferred latch for "flatten_window:flat[13][8]" at WindowRegister.vhd(127) File: C:/Users/Farab/Documents/Maestria/Tesis/Archivos VHDL/Try 2/WindowRegister.vhd Line: 127
Info (10041): Inferred latch for "flatten_window:flat[12][0]" at WindowRegister.vhd(127) File: C:/Users/Farab/Documents/Maestria/Tesis/Archivos VHDL/Try 2/WindowRegister.vhd Line: 127
Info (10041): Inferred latch for "flatten_window:flat[12][1]" at WindowRegister.vhd(127) File: C:/Users/Farab/Documents/Maestria/Tesis/Archivos VHDL/Try 2/WindowRegister.vhd Line: 127
Info (10041): Inferred latch for "flatten_window:flat[12][2]" at WindowRegister.vhd(127) File: C:/Users/Farab/Documents/Maestria/Tesis/Archivos VHDL/Try 2/WindowRegister.vhd Line: 127
Info (10041): Inferred latch for "flatten_window:flat[12][3]" at WindowRegister.vhd(127) File: C:/Users/Farab/Documents/Maestria/Tesis/Archivos VHDL/Try 2/WindowRegister.vhd Line: 127
Info (10041): Inferred latch for "flatten_window:flat[12][4]" at WindowRegister.vhd(127) File: C:/Users/Farab/Documents/Maestria/Tesis/Archivos VHDL/Try 2/WindowRegister.vhd Line: 127
Info (10041): Inferred latch for "flatten_window:flat[12][5]" at WindowRegister.vhd(127) File: C:/Users/Farab/Documents/Maestria/Tesis/Archivos VHDL/Try 2/WindowRegister.vhd Line: 127
Info (10041): Inferred latch for "flatten_window:flat[12][6]" at WindowRegister.vhd(127) File: C:/Users/Farab/Documents/Maestria/Tesis/Archivos VHDL/Try 2/WindowRegister.vhd Line: 127
Info (10041): Inferred latch for "flatten_window:flat[12][7]" at WindowRegister.vhd(127) File: C:/Users/Farab/Documents/Maestria/Tesis/Archivos VHDL/Try 2/WindowRegister.vhd Line: 127
Info (10041): Inferred latch for "flatten_window:flat[12][8]" at WindowRegister.vhd(127) File: C:/Users/Farab/Documents/Maestria/Tesis/Archivos VHDL/Try 2/WindowRegister.vhd Line: 127
Info (10041): Inferred latch for "flatten_window:flat[11][0]" at WindowRegister.vhd(127) File: C:/Users/Farab/Documents/Maestria/Tesis/Archivos VHDL/Try 2/WindowRegister.vhd Line: 127
Info (10041): Inferred latch for "flatten_window:flat[11][1]" at WindowRegister.vhd(127) File: C:/Users/Farab/Documents/Maestria/Tesis/Archivos VHDL/Try 2/WindowRegister.vhd Line: 127
Info (10041): Inferred latch for "flatten_window:flat[11][2]" at WindowRegister.vhd(127) File: C:/Users/Farab/Documents/Maestria/Tesis/Archivos VHDL/Try 2/WindowRegister.vhd Line: 127
Info (10041): Inferred latch for "flatten_window:flat[11][3]" at WindowRegister.vhd(127) File: C:/Users/Farab/Documents/Maestria/Tesis/Archivos VHDL/Try 2/WindowRegister.vhd Line: 127
Info (10041): Inferred latch for "flatten_window:flat[11][4]" at WindowRegister.vhd(127) File: C:/Users/Farab/Documents/Maestria/Tesis/Archivos VHDL/Try 2/WindowRegister.vhd Line: 127
Info (10041): Inferred latch for "flatten_window:flat[11][5]" at WindowRegister.vhd(127) File: C:/Users/Farab/Documents/Maestria/Tesis/Archivos VHDL/Try 2/WindowRegister.vhd Line: 127
Info (10041): Inferred latch for "flatten_window:flat[11][6]" at WindowRegister.vhd(127) File: C:/Users/Farab/Documents/Maestria/Tesis/Archivos VHDL/Try 2/WindowRegister.vhd Line: 127
Info (10041): Inferred latch for "flatten_window:flat[11][7]" at WindowRegister.vhd(127) File: C:/Users/Farab/Documents/Maestria/Tesis/Archivos VHDL/Try 2/WindowRegister.vhd Line: 127
Info (10041): Inferred latch for "flatten_window:flat[11][8]" at WindowRegister.vhd(127) File: C:/Users/Farab/Documents/Maestria/Tesis/Archivos VHDL/Try 2/WindowRegister.vhd Line: 127
Info (10041): Inferred latch for "flatten_window:flat[10][0]" at WindowRegister.vhd(127) File: C:/Users/Farab/Documents/Maestria/Tesis/Archivos VHDL/Try 2/WindowRegister.vhd Line: 127
Info (10041): Inferred latch for "flatten_window:flat[10][1]" at WindowRegister.vhd(127) File: C:/Users/Farab/Documents/Maestria/Tesis/Archivos VHDL/Try 2/WindowRegister.vhd Line: 127
Info (10041): Inferred latch for "flatten_window:flat[10][2]" at WindowRegister.vhd(127) File: C:/Users/Farab/Documents/Maestria/Tesis/Archivos VHDL/Try 2/WindowRegister.vhd Line: 127
Info (10041): Inferred latch for "flatten_window:flat[10][3]" at WindowRegister.vhd(127) File: C:/Users/Farab/Documents/Maestria/Tesis/Archivos VHDL/Try 2/WindowRegister.vhd Line: 127
Info (10041): Inferred latch for "flatten_window:flat[10][4]" at WindowRegister.vhd(127) File: C:/Users/Farab/Documents/Maestria/Tesis/Archivos VHDL/Try 2/WindowRegister.vhd Line: 127
Info (10041): Inferred latch for "flatten_window:flat[10][5]" at WindowRegister.vhd(127) File: C:/Users/Farab/Documents/Maestria/Tesis/Archivos VHDL/Try 2/WindowRegister.vhd Line: 127
Info (10041): Inferred latch for "flatten_window:flat[10][6]" at WindowRegister.vhd(127) File: C:/Users/Farab/Documents/Maestria/Tesis/Archivos VHDL/Try 2/WindowRegister.vhd Line: 127
Info (10041): Inferred latch for "flatten_window:flat[10][7]" at WindowRegister.vhd(127) File: C:/Users/Farab/Documents/Maestria/Tesis/Archivos VHDL/Try 2/WindowRegister.vhd Line: 127
Info (10041): Inferred latch for "flatten_window:flat[10][8]" at WindowRegister.vhd(127) File: C:/Users/Farab/Documents/Maestria/Tesis/Archivos VHDL/Try 2/WindowRegister.vhd Line: 127
Info (10041): Inferred latch for "flatten_window:flat[9][0]" at WindowRegister.vhd(127) File: C:/Users/Farab/Documents/Maestria/Tesis/Archivos VHDL/Try 2/WindowRegister.vhd Line: 127
Info (10041): Inferred latch for "flatten_window:flat[9][1]" at WindowRegister.vhd(127) File: C:/Users/Farab/Documents/Maestria/Tesis/Archivos VHDL/Try 2/WindowRegister.vhd Line: 127
Info (10041): Inferred latch for "flatten_window:flat[9][2]" at WindowRegister.vhd(127) File: C:/Users/Farab/Documents/Maestria/Tesis/Archivos VHDL/Try 2/WindowRegister.vhd Line: 127
Info (10041): Inferred latch for "flatten_window:flat[9][3]" at WindowRegister.vhd(127) File: C:/Users/Farab/Documents/Maestria/Tesis/Archivos VHDL/Try 2/WindowRegister.vhd Line: 127
Info (10041): Inferred latch for "flatten_window:flat[9][4]" at WindowRegister.vhd(127) File: C:/Users/Farab/Documents/Maestria/Tesis/Archivos VHDL/Try 2/WindowRegister.vhd Line: 127
Info (10041): Inferred latch for "flatten_window:flat[9][5]" at WindowRegister.vhd(127) File: C:/Users/Farab/Documents/Maestria/Tesis/Archivos VHDL/Try 2/WindowRegister.vhd Line: 127
Info (10041): Inferred latch for "flatten_window:flat[9][6]" at WindowRegister.vhd(127) File: C:/Users/Farab/Documents/Maestria/Tesis/Archivos VHDL/Try 2/WindowRegister.vhd Line: 127
Info (10041): Inferred latch for "flatten_window:flat[9][7]" at WindowRegister.vhd(127) File: C:/Users/Farab/Documents/Maestria/Tesis/Archivos VHDL/Try 2/WindowRegister.vhd Line: 127
Info (10041): Inferred latch for "flatten_window:flat[9][8]" at WindowRegister.vhd(127) File: C:/Users/Farab/Documents/Maestria/Tesis/Archivos VHDL/Try 2/WindowRegister.vhd Line: 127
Info (10041): Inferred latch for "flatten_window:flat[8][0]" at WindowRegister.vhd(127) File: C:/Users/Farab/Documents/Maestria/Tesis/Archivos VHDL/Try 2/WindowRegister.vhd Line: 127
Info (10041): Inferred latch for "flatten_window:flat[8][1]" at WindowRegister.vhd(127) File: C:/Users/Farab/Documents/Maestria/Tesis/Archivos VHDL/Try 2/WindowRegister.vhd Line: 127
Info (10041): Inferred latch for "flatten_window:flat[8][2]" at WindowRegister.vhd(127) File: C:/Users/Farab/Documents/Maestria/Tesis/Archivos VHDL/Try 2/WindowRegister.vhd Line: 127
Info (10041): Inferred latch for "flatten_window:flat[8][3]" at WindowRegister.vhd(127) File: C:/Users/Farab/Documents/Maestria/Tesis/Archivos VHDL/Try 2/WindowRegister.vhd Line: 127
Info (10041): Inferred latch for "flatten_window:flat[8][4]" at WindowRegister.vhd(127) File: C:/Users/Farab/Documents/Maestria/Tesis/Archivos VHDL/Try 2/WindowRegister.vhd Line: 127
Info (10041): Inferred latch for "flatten_window:flat[8][5]" at WindowRegister.vhd(127) File: C:/Users/Farab/Documents/Maestria/Tesis/Archivos VHDL/Try 2/WindowRegister.vhd Line: 127
Info (10041): Inferred latch for "flatten_window:flat[8][6]" at WindowRegister.vhd(127) File: C:/Users/Farab/Documents/Maestria/Tesis/Archivos VHDL/Try 2/WindowRegister.vhd Line: 127
Info (10041): Inferred latch for "flatten_window:flat[8][7]" at WindowRegister.vhd(127) File: C:/Users/Farab/Documents/Maestria/Tesis/Archivos VHDL/Try 2/WindowRegister.vhd Line: 127
Info (10041): Inferred latch for "flatten_window:flat[8][8]" at WindowRegister.vhd(127) File: C:/Users/Farab/Documents/Maestria/Tesis/Archivos VHDL/Try 2/WindowRegister.vhd Line: 127
Info (10041): Inferred latch for "flatten_window:flat[7][0]" at WindowRegister.vhd(127) File: C:/Users/Farab/Documents/Maestria/Tesis/Archivos VHDL/Try 2/WindowRegister.vhd Line: 127
Info (10041): Inferred latch for "flatten_window:flat[7][1]" at WindowRegister.vhd(127) File: C:/Users/Farab/Documents/Maestria/Tesis/Archivos VHDL/Try 2/WindowRegister.vhd Line: 127
Info (10041): Inferred latch for "flatten_window:flat[7][2]" at WindowRegister.vhd(127) File: C:/Users/Farab/Documents/Maestria/Tesis/Archivos VHDL/Try 2/WindowRegister.vhd Line: 127
Info (10041): Inferred latch for "flatten_window:flat[7][3]" at WindowRegister.vhd(127) File: C:/Users/Farab/Documents/Maestria/Tesis/Archivos VHDL/Try 2/WindowRegister.vhd Line: 127
Info (10041): Inferred latch for "flatten_window:flat[7][4]" at WindowRegister.vhd(127) File: C:/Users/Farab/Documents/Maestria/Tesis/Archivos VHDL/Try 2/WindowRegister.vhd Line: 127
Info (10041): Inferred latch for "flatten_window:flat[7][5]" at WindowRegister.vhd(127) File: C:/Users/Farab/Documents/Maestria/Tesis/Archivos VHDL/Try 2/WindowRegister.vhd Line: 127
Info (10041): Inferred latch for "flatten_window:flat[7][6]" at WindowRegister.vhd(127) File: C:/Users/Farab/Documents/Maestria/Tesis/Archivos VHDL/Try 2/WindowRegister.vhd Line: 127
Info (10041): Inferred latch for "flatten_window:flat[7][7]" at WindowRegister.vhd(127) File: C:/Users/Farab/Documents/Maestria/Tesis/Archivos VHDL/Try 2/WindowRegister.vhd Line: 127
Info (10041): Inferred latch for "flatten_window:flat[7][8]" at WindowRegister.vhd(127) File: C:/Users/Farab/Documents/Maestria/Tesis/Archivos VHDL/Try 2/WindowRegister.vhd Line: 127
Info (10041): Inferred latch for "flatten_window:flat[6][0]" at WindowRegister.vhd(127) File: C:/Users/Farab/Documents/Maestria/Tesis/Archivos VHDL/Try 2/WindowRegister.vhd Line: 127
Info (10041): Inferred latch for "flatten_window:flat[6][1]" at WindowRegister.vhd(127) File: C:/Users/Farab/Documents/Maestria/Tesis/Archivos VHDL/Try 2/WindowRegister.vhd Line: 127
Info (10041): Inferred latch for "flatten_window:flat[6][2]" at WindowRegister.vhd(127) File: C:/Users/Farab/Documents/Maestria/Tesis/Archivos VHDL/Try 2/WindowRegister.vhd Line: 127
Info (10041): Inferred latch for "flatten_window:flat[6][3]" at WindowRegister.vhd(127) File: C:/Users/Farab/Documents/Maestria/Tesis/Archivos VHDL/Try 2/WindowRegister.vhd Line: 127
Info (10041): Inferred latch for "flatten_window:flat[6][4]" at WindowRegister.vhd(127) File: C:/Users/Farab/Documents/Maestria/Tesis/Archivos VHDL/Try 2/WindowRegister.vhd Line: 127
Info (10041): Inferred latch for "flatten_window:flat[6][5]" at WindowRegister.vhd(127) File: C:/Users/Farab/Documents/Maestria/Tesis/Archivos VHDL/Try 2/WindowRegister.vhd Line: 127
Info (10041): Inferred latch for "flatten_window:flat[6][6]" at WindowRegister.vhd(127) File: C:/Users/Farab/Documents/Maestria/Tesis/Archivos VHDL/Try 2/WindowRegister.vhd Line: 127
Info (10041): Inferred latch for "flatten_window:flat[6][7]" at WindowRegister.vhd(127) File: C:/Users/Farab/Documents/Maestria/Tesis/Archivos VHDL/Try 2/WindowRegister.vhd Line: 127
Info (10041): Inferred latch for "flatten_window:flat[6][8]" at WindowRegister.vhd(127) File: C:/Users/Farab/Documents/Maestria/Tesis/Archivos VHDL/Try 2/WindowRegister.vhd Line: 127
Info (10041): Inferred latch for "flatten_window:flat[5][0]" at WindowRegister.vhd(127) File: C:/Users/Farab/Documents/Maestria/Tesis/Archivos VHDL/Try 2/WindowRegister.vhd Line: 127
Info (10041): Inferred latch for "flatten_window:flat[5][1]" at WindowRegister.vhd(127) File: C:/Users/Farab/Documents/Maestria/Tesis/Archivos VHDL/Try 2/WindowRegister.vhd Line: 127
Info (10041): Inferred latch for "flatten_window:flat[5][2]" at WindowRegister.vhd(127) File: C:/Users/Farab/Documents/Maestria/Tesis/Archivos VHDL/Try 2/WindowRegister.vhd Line: 127
Info (10041): Inferred latch for "flatten_window:flat[5][3]" at WindowRegister.vhd(127) File: C:/Users/Farab/Documents/Maestria/Tesis/Archivos VHDL/Try 2/WindowRegister.vhd Line: 127
Info (10041): Inferred latch for "flatten_window:flat[5][4]" at WindowRegister.vhd(127) File: C:/Users/Farab/Documents/Maestria/Tesis/Archivos VHDL/Try 2/WindowRegister.vhd Line: 127
Info (10041): Inferred latch for "flatten_window:flat[5][5]" at WindowRegister.vhd(127) File: C:/Users/Farab/Documents/Maestria/Tesis/Archivos VHDL/Try 2/WindowRegister.vhd Line: 127
Info (10041): Inferred latch for "flatten_window:flat[5][6]" at WindowRegister.vhd(127) File: C:/Users/Farab/Documents/Maestria/Tesis/Archivos VHDL/Try 2/WindowRegister.vhd Line: 127
Info (10041): Inferred latch for "flatten_window:flat[5][7]" at WindowRegister.vhd(127) File: C:/Users/Farab/Documents/Maestria/Tesis/Archivos VHDL/Try 2/WindowRegister.vhd Line: 127
Info (10041): Inferred latch for "flatten_window:flat[5][8]" at WindowRegister.vhd(127) File: C:/Users/Farab/Documents/Maestria/Tesis/Archivos VHDL/Try 2/WindowRegister.vhd Line: 127
Info (10041): Inferred latch for "flatten_window:flat[4][0]" at WindowRegister.vhd(127) File: C:/Users/Farab/Documents/Maestria/Tesis/Archivos VHDL/Try 2/WindowRegister.vhd Line: 127
Info (10041): Inferred latch for "flatten_window:flat[4][1]" at WindowRegister.vhd(127) File: C:/Users/Farab/Documents/Maestria/Tesis/Archivos VHDL/Try 2/WindowRegister.vhd Line: 127
Info (10041): Inferred latch for "flatten_window:flat[4][2]" at WindowRegister.vhd(127) File: C:/Users/Farab/Documents/Maestria/Tesis/Archivos VHDL/Try 2/WindowRegister.vhd Line: 127
Info (10041): Inferred latch for "flatten_window:flat[4][3]" at WindowRegister.vhd(127) File: C:/Users/Farab/Documents/Maestria/Tesis/Archivos VHDL/Try 2/WindowRegister.vhd Line: 127
Info (10041): Inferred latch for "flatten_window:flat[4][4]" at WindowRegister.vhd(127) File: C:/Users/Farab/Documents/Maestria/Tesis/Archivos VHDL/Try 2/WindowRegister.vhd Line: 127
Info (10041): Inferred latch for "flatten_window:flat[4][5]" at WindowRegister.vhd(127) File: C:/Users/Farab/Documents/Maestria/Tesis/Archivos VHDL/Try 2/WindowRegister.vhd Line: 127
Info (10041): Inferred latch for "flatten_window:flat[4][6]" at WindowRegister.vhd(127) File: C:/Users/Farab/Documents/Maestria/Tesis/Archivos VHDL/Try 2/WindowRegister.vhd Line: 127
Info (10041): Inferred latch for "flatten_window:flat[4][7]" at WindowRegister.vhd(127) File: C:/Users/Farab/Documents/Maestria/Tesis/Archivos VHDL/Try 2/WindowRegister.vhd Line: 127
Info (10041): Inferred latch for "flatten_window:flat[4][8]" at WindowRegister.vhd(127) File: C:/Users/Farab/Documents/Maestria/Tesis/Archivos VHDL/Try 2/WindowRegister.vhd Line: 127
Info (10041): Inferred latch for "flatten_window:flat[3][0]" at WindowRegister.vhd(127) File: C:/Users/Farab/Documents/Maestria/Tesis/Archivos VHDL/Try 2/WindowRegister.vhd Line: 127
Info (10041): Inferred latch for "flatten_window:flat[3][1]" at WindowRegister.vhd(127) File: C:/Users/Farab/Documents/Maestria/Tesis/Archivos VHDL/Try 2/WindowRegister.vhd Line: 127
Info (10041): Inferred latch for "flatten_window:flat[3][2]" at WindowRegister.vhd(127) File: C:/Users/Farab/Documents/Maestria/Tesis/Archivos VHDL/Try 2/WindowRegister.vhd Line: 127
Info (10041): Inferred latch for "flatten_window:flat[3][3]" at WindowRegister.vhd(127) File: C:/Users/Farab/Documents/Maestria/Tesis/Archivos VHDL/Try 2/WindowRegister.vhd Line: 127
Info (10041): Inferred latch for "flatten_window:flat[3][4]" at WindowRegister.vhd(127) File: C:/Users/Farab/Documents/Maestria/Tesis/Archivos VHDL/Try 2/WindowRegister.vhd Line: 127
Info (10041): Inferred latch for "flatten_window:flat[3][5]" at WindowRegister.vhd(127) File: C:/Users/Farab/Documents/Maestria/Tesis/Archivos VHDL/Try 2/WindowRegister.vhd Line: 127
Info (10041): Inferred latch for "flatten_window:flat[3][6]" at WindowRegister.vhd(127) File: C:/Users/Farab/Documents/Maestria/Tesis/Archivos VHDL/Try 2/WindowRegister.vhd Line: 127
Info (10041): Inferred latch for "flatten_window:flat[3][7]" at WindowRegister.vhd(127) File: C:/Users/Farab/Documents/Maestria/Tesis/Archivos VHDL/Try 2/WindowRegister.vhd Line: 127
Info (10041): Inferred latch for "flatten_window:flat[3][8]" at WindowRegister.vhd(127) File: C:/Users/Farab/Documents/Maestria/Tesis/Archivos VHDL/Try 2/WindowRegister.vhd Line: 127
Info (10041): Inferred latch for "flatten_window:flat[2][0]" at WindowRegister.vhd(127) File: C:/Users/Farab/Documents/Maestria/Tesis/Archivos VHDL/Try 2/WindowRegister.vhd Line: 127
Info (10041): Inferred latch for "flatten_window:flat[2][1]" at WindowRegister.vhd(127) File: C:/Users/Farab/Documents/Maestria/Tesis/Archivos VHDL/Try 2/WindowRegister.vhd Line: 127
Info (10041): Inferred latch for "flatten_window:flat[2][2]" at WindowRegister.vhd(127) File: C:/Users/Farab/Documents/Maestria/Tesis/Archivos VHDL/Try 2/WindowRegister.vhd Line: 127
Info (10041): Inferred latch for "flatten_window:flat[2][3]" at WindowRegister.vhd(127) File: C:/Users/Farab/Documents/Maestria/Tesis/Archivos VHDL/Try 2/WindowRegister.vhd Line: 127
Info (10041): Inferred latch for "flatten_window:flat[2][4]" at WindowRegister.vhd(127) File: C:/Users/Farab/Documents/Maestria/Tesis/Archivos VHDL/Try 2/WindowRegister.vhd Line: 127
Info (10041): Inferred latch for "flatten_window:flat[2][5]" at WindowRegister.vhd(127) File: C:/Users/Farab/Documents/Maestria/Tesis/Archivos VHDL/Try 2/WindowRegister.vhd Line: 127
Info (10041): Inferred latch for "flatten_window:flat[2][6]" at WindowRegister.vhd(127) File: C:/Users/Farab/Documents/Maestria/Tesis/Archivos VHDL/Try 2/WindowRegister.vhd Line: 127
Info (10041): Inferred latch for "flatten_window:flat[2][7]" at WindowRegister.vhd(127) File: C:/Users/Farab/Documents/Maestria/Tesis/Archivos VHDL/Try 2/WindowRegister.vhd Line: 127
Info (10041): Inferred latch for "flatten_window:flat[2][8]" at WindowRegister.vhd(127) File: C:/Users/Farab/Documents/Maestria/Tesis/Archivos VHDL/Try 2/WindowRegister.vhd Line: 127
Info (10041): Inferred latch for "flatten_window:flat[1][0]" at WindowRegister.vhd(127) File: C:/Users/Farab/Documents/Maestria/Tesis/Archivos VHDL/Try 2/WindowRegister.vhd Line: 127
Info (10041): Inferred latch for "flatten_window:flat[1][1]" at WindowRegister.vhd(127) File: C:/Users/Farab/Documents/Maestria/Tesis/Archivos VHDL/Try 2/WindowRegister.vhd Line: 127
Info (10041): Inferred latch for "flatten_window:flat[1][2]" at WindowRegister.vhd(127) File: C:/Users/Farab/Documents/Maestria/Tesis/Archivos VHDL/Try 2/WindowRegister.vhd Line: 127
Info (10041): Inferred latch for "flatten_window:flat[1][3]" at WindowRegister.vhd(127) File: C:/Users/Farab/Documents/Maestria/Tesis/Archivos VHDL/Try 2/WindowRegister.vhd Line: 127
Info (10041): Inferred latch for "flatten_window:flat[1][4]" at WindowRegister.vhd(127) File: C:/Users/Farab/Documents/Maestria/Tesis/Archivos VHDL/Try 2/WindowRegister.vhd Line: 127
Info (10041): Inferred latch for "flatten_window:flat[1][5]" at WindowRegister.vhd(127) File: C:/Users/Farab/Documents/Maestria/Tesis/Archivos VHDL/Try 2/WindowRegister.vhd Line: 127
Info (10041): Inferred latch for "flatten_window:flat[1][6]" at WindowRegister.vhd(127) File: C:/Users/Farab/Documents/Maestria/Tesis/Archivos VHDL/Try 2/WindowRegister.vhd Line: 127
Info (10041): Inferred latch for "flatten_window:flat[1][7]" at WindowRegister.vhd(127) File: C:/Users/Farab/Documents/Maestria/Tesis/Archivos VHDL/Try 2/WindowRegister.vhd Line: 127
Info (10041): Inferred latch for "flatten_window:flat[1][8]" at WindowRegister.vhd(127) File: C:/Users/Farab/Documents/Maestria/Tesis/Archivos VHDL/Try 2/WindowRegister.vhd Line: 127
Info (10041): Inferred latch for "flatten_window:flat[0][0]" at WindowRegister.vhd(127) File: C:/Users/Farab/Documents/Maestria/Tesis/Archivos VHDL/Try 2/WindowRegister.vhd Line: 127
Info (10041): Inferred latch for "flatten_window:flat[0][1]" at WindowRegister.vhd(127) File: C:/Users/Farab/Documents/Maestria/Tesis/Archivos VHDL/Try 2/WindowRegister.vhd Line: 127
Info (10041): Inferred latch for "flatten_window:flat[0][2]" at WindowRegister.vhd(127) File: C:/Users/Farab/Documents/Maestria/Tesis/Archivos VHDL/Try 2/WindowRegister.vhd Line: 127
Info (10041): Inferred latch for "flatten_window:flat[0][3]" at WindowRegister.vhd(127) File: C:/Users/Farab/Documents/Maestria/Tesis/Archivos VHDL/Try 2/WindowRegister.vhd Line: 127
Info (10041): Inferred latch for "flatten_window:flat[0][4]" at WindowRegister.vhd(127) File: C:/Users/Farab/Documents/Maestria/Tesis/Archivos VHDL/Try 2/WindowRegister.vhd Line: 127
Info (10041): Inferred latch for "flatten_window:flat[0][5]" at WindowRegister.vhd(127) File: C:/Users/Farab/Documents/Maestria/Tesis/Archivos VHDL/Try 2/WindowRegister.vhd Line: 127
Info (10041): Inferred latch for "flatten_window:flat[0][6]" at WindowRegister.vhd(127) File: C:/Users/Farab/Documents/Maestria/Tesis/Archivos VHDL/Try 2/WindowRegister.vhd Line: 127
Info (10041): Inferred latch for "flatten_window:flat[0][7]" at WindowRegister.vhd(127) File: C:/Users/Farab/Documents/Maestria/Tesis/Archivos VHDL/Try 2/WindowRegister.vhd Line: 127
Info (10041): Inferred latch for "flatten_window:flat[0][8]" at WindowRegister.vhd(127) File: C:/Users/Farab/Documents/Maestria/Tesis/Archivos VHDL/Try 2/WindowRegister.vhd Line: 127
Info (10008): Verilog HDL or VHDL information: EDA Netlist Writer cannot regroup multidimensional array "regs" into its bus
Info (12128): Elaborating entity "FilterMemory" for hierarchy "FilterMemory:u_FilterMemory" File: C:/Users/Farab/Documents/Maestria/Tesis/Archivos VHDL/Try 2/top_convolution.vhd Line: 202
Info (12128): Elaborating entity "ConvolutionBlock" for hierarchy "ConvolutionBlock:u_ConvolutionBlock" File: C:/Users/Farab/Documents/Maestria/Tesis/Archivos VHDL/Try 2/top_convolution.vhd Line: 220
Warning (10492): VHDL Process Statement warning at ConvolutionBlock.vhd(233): signal "result_out" is read inside the Process Statement but isn't in the Process Statement's sensitivity list File: C:/Users/Farab/Documents/Maestria/Tesis/Archivos VHDL/Try 2/ConvolutionBlock.vhd Line: 233
Info (10008): Verilog HDL or VHDL information: EDA Netlist Writer cannot regroup multidimensional array "coeffs" into its bus
Info (10008): Verilog HDL or VHDL information: EDA Netlist Writer cannot regroup multidimensional array "products" into its bus
Info (10008): Verilog HDL or VHDL information: EDA Netlist Writer cannot regroup multidimensional array "sum_proc:levels" into its bus
Info (12128): Elaborating entity "ActivationFunction" for hierarchy "ActivationFunction:u_Activation" File: C:/Users/Farab/Documents/Maestria/Tesis/Archivos VHDL/Try 2/top_convolution.vhd Line: 246
Info (12128): Elaborating entity "Controller" for hierarchy "Controller:u_Controller" File: C:/Users/Farab/Documents/Maestria/Tesis/Archivos VHDL/Try 2/top_convolution.vhd Line: 281
Info: Quartus Prime Analysis & Elaboration was successful. 0 errors, 4 warnings
    Info: Peak virtual memory: 6286 megabytes
    Info: Processing ended: Sat Aug 23 16:45:37 2025
    Info: Elapsed time: 00:00:26
    Info: Total CPU time (on all processors): 00:00:32


